2015-11-08 15:56:00 Error: [MissingTableException] Table notes for model Model was not found in datasource default.
Exception Attributes: array (
  'table' => 'notes',
  'class' => 'Model',
  'ds' => 'default',
)
Stack Trace:
#0 C:\pleiades-e4.2-php-jre_20130303\xampp\htdocs\CakePHP-test\lib\Cake\Model\Model.php(3653): Model->setSource('notes')
#1 C:\pleiades-e4.2-php-jre_20130303\xampp\htdocs\CakePHP-test\lib\Cake\Model\Model.php(1387): Model->getDataSource()
#2 C:\pleiades-e4.2-php-jre_20130303\xampp\htdocs\CakePHP-test\lib\Cake\TestSuite\Fixture\CakeTestFixture.php(162): Model->schema(true)
#3 C:\pleiades-e4.2-php-jre_20130303\xampp\htdocs\CakePHP-test\lib\Cake\TestSuite\Fixture\CakeTestFixture.php(120): CakeTestFixture->init()
#4 C:\pleiades-e4.2-php-jre_20130303\xampp\htdocs\CakePHP-test\lib\Cake\TestSuite\Fixture\CakeFixtureManager.php(163): CakeTestFixture->__construct()
#5 C:\pleiades-e4.2-php-jre_20130303\xampp\htdocs\CakePHP-test\lib\Cake\TestSuite\Fixture\CakeFixtureManager.php(77): CakeFixtureManager->_loadFixtures(Array)
#6 C:\pleiades-e4.2-php-jre_20130303\xampp\htdocs\CakePHP-test\lib\Cake\TestSuite\CakeTestRunner.php(57): CakeFixtureManager->fixturize(Object(TasksControllerTest))
#7 C:\pleiades-e4.2-php-jre_20130303\xampp\htdocs\CakePHP-test\lib\Cake\TestSuite\CakeTestSuiteCommand.php(98): CakeTestRunner->doRun(Object(PHPUnit_Framework_TestSuite), Array)
#8 C:\pleiades-e4.2-php-jre_20130303\xampp\htdocs\CakePHP-test\lib\Cake\TestSuite\CakeTestSuiteDispatcher.php(259): CakeTestSuiteCommand->run(Array)
#9 C:\pleiades-e4.2-php-jre_20130303\xampp\htdocs\CakePHP-test\lib\Cake\TestSuite\CakeTestSuiteDispatcher.php(96): CakeTestSuiteDispatcher->_runTestCase()
#10 C:\pleiades-e4.2-php-jre_20130303\xampp\htdocs\CakePHP-test\lib\Cake\TestSuite\CakeTestSuiteDispatcher.php(113): CakeTestSuiteDispatcher->dispatch()
#11 C:\pleiades-e4.2-php-jre_20130303\xampp\htdocs\CakePHP-test\app\webroot\test.php(105): CakeTestSuiteDispatcher::run()
#12 {main}
